# JRE version: OpenJDK Runtime Environment (8.0_382-b05) (build 1.8.0_382-b05)
# Java VM: OpenJDK 64-Bit Server VM (25.382-b05 mixed mode windows-amd64 compressed oops)
Heap:
 PSYoungGen      total 141824K, used 29230K [0x000000076b000000, 0x000000077c500000, 0x00000007c0000000)
  eden space 131072K, 22% used [0x000000076b000000,0x000000076cc8ba00,0x0000000773000000)
  from space 10752K, 0% used [0x0000000773000000,0x0000000773000000,0x0000000773a80000)
  to   space 10752K, 0% used [0x000000077ba80000,0x000000077ba80000,0x000000077c500000)
 ParOldGen       total 129536K, used 17573K [0x00000006c1000000, 0x00000006c8e80000, 0x000000076b000000)
  object space 129536K, 13% used [0x00000006c1000000,0x00000006c2129650,0x00000006c8e80000)
 Metaspace       used 22049K, capacity 22332K, committed 22656K, reserved 1069056K
  class space    used 2762K, capacity 2862K, committed 2944K, reserved 1048576K
GC Heap History (8 events):
Event: 0.618 GC heap before
{Heap before GC invocations=1 (full 0):
 PSYoungGen      total 76288K, used 65536K [0x000000076b000000, 0x0000000770500000, 0x00000007c0000000)
  eden space 65536K, 100% used [0x000000076b000000,0x000000076f000000,0x000000076f000000)
  from space 10752K, 0% used [0x000000076fa80000,0x000000076fa80000,0x0000000770500000)
  to   space 10752K, 0% used [0x000000076f000000,0x000000076f000000,0x000000076fa80000)
 ParOldGen       total 175104K, used 0K [0x00000006c1000000, 0x00000006cbb00000, 0x000000076b000000)
  object space 175104K, 0% used [0x00000006c1000000,0x00000006c1000000,0x00000006cbb00000)
 Metaspace       used 10022K, capacity 10196K, committed 10368K, reserved 1058816K
  class space    used 1195K, capacity 1288K, committed 1408K, reserved 1048576K
Event: 0.624 GC heap after
Heap after GC invocations=1 (full 0):
 PSYoungGen      total 76288K, used 10744K [0x000000076b000000, 0x0000000774500000, 0x00000007c0000000)
  eden space 65536K, 0% used [0x000000076b000000,0x000000076b000000,0x000000076f000000)
  from space 10752K, 99% used [0x000000076f000000,0x000000076fa7e328,0x000000076fa80000)
  to   space 10752K, 0% used [0x0000000773a80000,0x0000000773a80000,0x0000000774500000)
 ParOldGen       total 175104K, used 3869K [0x00000006c1000000, 0x00000006cbb00000, 0x000000076b000000)
  object space 175104K, 2% used [0x00000006c1000000,0x00000006c13c7728,0x00000006cbb00000)
 Metaspace       used 10022K, capacity 10196K, committed 10368K, reserved 1058816K
  class space    used 1195K, capacity 1288K, committed 1408K, reserved 1048576K
}
Event: 1.212 GC heap before
{Heap before GC invocations=2 (full 0):
 PSYoungGen      total 76288K, used 76280K [0x000000076b000000, 0x0000000774500000, 0x00000007c0000000)
  eden space 65536K, 100% used [0x000000076b000000,0x000000076f000000,0x000000076f000000)
  from space 10752K, 99% used [0x000000076f000000,0x000000076fa7e328,0x000000076fa80000)
  to   space 10752K, 0% used [0x0000000773a80000,0x0000000773a80000,0x0000000774500000)
 ParOldGen       total 175104K, used 3869K [0x00000006c1000000, 0x00000006cbb00000, 0x000000076b000000)
  object space 175104K, 2% used [0x00000006c1000000,0x00000006c13c7728,0x00000006cbb00000)
 Metaspace       used 17582K, capacity 17750K, committed 18048K, reserved 1064960K
  class space    used 2236K, capacity 2323K, committed 2432K, reserved 1048576K
Event: 1.221 GC heap after
Heap after GC invocations=2 (full 0):
 PSYoungGen      total 141824K, used 10720K [0x000000076b000000, 0x0000000774500000, 0x00000007c0000000)
  eden space 131072K, 0% used [0x000000076b000000,0x000000076b000000,0x0000000773000000)
  from space 10752K, 99% used [0x0000000773a80000,0x00000007744f8050,0x0000000774500000)
  to   space 10752K, 0% used [0x0000000773000000,0x0000000773000000,0x0000000773a80000)
 ParOldGen       total 175104K, used 12043K [0x00000006c1000000, 0x00000006cbb00000, 0x000000076b000000)
  object space 175104K, 6% used [0x00000006c1000000,0x00000006c1bc2fc0,0x00000006cbb00000)
 Metaspace       used 17582K, capacity 17750K, committed 18048K, reserved 1064960K
  class space    used 2236K, capacity 2323K, committed 2432K, reserved 1048576K
}
Event: 1.714 GC heap before
{Heap before GC invocations=3 (full 0):
 PSYoungGen      total 141824K, used 50335K [0x000000076b000000, 0x0000000774500000, 0x00000007c0000000)
  eden space 131072K, 30% used [0x000000076b000000,0x000000076d6afda8,0x0000000773000000)
  from space 10752K, 99% used [0x0000000773a80000,0x00000007744f8050,0x0000000774500000)
  to   space 10752K, 0% used [0x0000000773000000,0x0000000773000000,0x0000000773a80000)
 ParOldGen       total 175104K, used 12043K [0x00000006c1000000, 0x00000006cbb00000, 0x000000076b000000)
  object space 175104K, 6% used [0x00000006c1000000,0x00000006c1bc2fc0,0x00000006cbb00000)
 Metaspace       used 20825K, capacity 21086K, committed 21248K, reserved 1067008K
  class space    used 2642K, capacity 2729K, committed 2816K, reserved 1048576K
Event: 1.722 GC heap after
Heap after GC invocations=3 (full 0):
 PSYoungGen      total 141824K, used 10748K [0x000000076b000000, 0x000000077c500000, 0x00000007c0000000)
  eden space 131072K, 0% used [0x000000076b000000,0x000000076b000000,0x0000000773000000)
  from space 10752K, 99% used [0x0000000773000000,0x0000000773a7f028,0x0000000773a80000)
  to   space 10752K, 0% used [0x000000077ba80000,0x000000077ba80000,0x000000077c500000)
 ParOldGen       total 175104K, used 17647K [0x00000006c1000000, 0x00000006cbb00000, 0x000000076b000000)
  object space 175104K, 10% used [0x00000006c1000000,0x00000006c213bfd8,0x00000006cbb00000)
 Metaspace       used 20825K, capacity 21086K, committed 21248K, reserved 1067008K
  class space    used 2642K, capacity 2729K, committed 2816K, reserved 1048576K
}
Event: 1.722 GC heap before
{Heap before GC invocations=4 (full 1):
 PSYoungGen      total 141824K, used 10748K [0x000000076b000000, 0x000000077c500000, 0x00000007c0000000)
  eden space 131072K, 0% used [0x000000076b000000,0x000000076b000000,0x0000000773000000)
  from space 10752K, 99% used [0x0000000773000000,0x0000000773a7f028,0x0000000773a80000)
  to   space 10752K, 0% used [0x000000077ba80000,0x000000077ba80000,0x000000077c500000)
 ParOldGen       total 175104K, used 17647K [0x00000006c1000000, 0x00000006cbb00000, 0x000000076b000000)
  object space 175104K, 10% used [0x00000006c1000000,0x00000006c213bfd8,0x00000006cbb00000)
 Metaspace       used 20825K, capacity 21086K, committed 21248K, reserved 1067008K
  class space    used 2642K, capacity 2729K, committed 2816K, reserved 1048576K
Event: 1.755 GC heap after
Heap after GC invocations=4 (full 1):
 PSYoungGen      total 141824K, used 0K [0x000000076b000000, 0x000000077c500000, 0x00000007c0000000)
  eden space 131072K, 0% used [0x000000076b000000,0x000000076b000000,0x0000000773000000)
  from space 10752K, 0% used [0x0000000773000000,0x0000000773000000,0x0000000773a80000)
  to   space 10752K, 0% used [0x000000077ba80000,0x000000077ba80000,0x000000077c500000)
 ParOldGen       total 129536K, used 17573K [0x00000006c1000000, 0x00000006c8e80000, 0x000000076b000000)
  object space 129536K, 13% used [0x00000006c1000000,0x00000006c2129650,0x00000006c8e80000)
 Metaspace       used 20825K, capacity 21086K, committed 21248K, reserved 1067008K
  class space    used 2642K, capacity 2729K, committed 2816K, reserved 1048576K
}

